=== NMAP Scan Results ===
Starting Nmap 7.94SVN ( https://nmap.org ) at 2024-12-15 18:56 UTC
Nmap scan report for Ubuntu (192.168.0.103)
Host is up (0.0000090s latency).
Not shown: 999 closed tcp ports (reset)
PORT   STATE SERVICE
22/tcp open  ssh

Nmap done: 1 IP address (1 host up) scanned in 0.29 seconds
=== TCPDUMP Results ===
tcpdump: verbose output suppressed, use -v[v]... for full protocol decode
listening on enp0s3, link-type EN10MB (Ethernet), snapshot length 262144 bytes
18:56:09.440270 IP 192.168.0.132.63384 > 192.168.0.103.22: Flags [.], ack 129856926, win 4103, length 0
18:56:09.440816 IP 192.168.0.103.22 > 192.168.0.132.63384: Flags [P.], seq 1:93, ack 0, win 5748, length 92
18:56:09.443111 IP 192.168.0.132.63384 > 192.168.0.103.22: Flags [P.], seq 0:92, ack 93, win 4102, length 92
18:56:09.445554 IP 192.168.0.103.22 > 192.168.0.132.63384: Flags [P.], seq 93:193, ack 92, win 5748, length 100
18:56:09.485354 IP 192.168.0.132.63384 > 192.168.0.103.22: Flags [.], ack 193, win 4102, length 0
18:56:09.551002 IP 192.168.0.103.22 > 192.168.0.132.63384: Flags [P.], seq 193:285, ack 92, win 5748, length 92
18:56:09.553527 IP 192.168.0.132.63384 > 192.168.0.103.22: Flags [P.], seq 92:184, ack 285, win 4102, length 92
18:56:09.555945 IP 192.168.0.103.22 > 192.168.0.132.63384: Flags [P.], seq 285:385, ack 184, win 5748, length 100
18:56:09.596292 IP 192.168.0.132.63384 > 192.168.0.103.22: Flags [.], ack 385, win 4101, length 0
18:56:10.025190 IP 192.168.0.103.22 > 192.168.0.132.63384: Flags [P.], seq 385:477, ack 184, win 5748, length 92
18:56:10.027658 IP 192.168.0.132.63384 > 192.168.0.103.22: Flags [P.], seq 184:276, ack 477, win 4101, length 92
18:56:10.030165 IP 192.168.0.103.22 > 192.168.0.132.63384: Flags [P.], seq 477:577, ack 276, win 5748, length 100
18:56:10.070442 IP 192.168.0.132.63384 > 192.168.0.103.22: Flags [.], ack 577, win 4101, length 0
18:56:10.520399 IP 192.168.0.132.63384 > 192.168.0.103.22: Flags [P.], seq 276:376, ack 577, win 4101, length 100
18:56:10.524089 IP 192.168.0.103.22 > 192.168.0.132.63384: Flags [P.], seq 577:765, ack 376, win 5748, length 188
18:56:10.526660 IP 192.168.0.132.63384 > 192.168.0.103.22: Flags [P.], seq 376:476, ack 765, win 4106, length 100
18:56:10.530035 IP 192.168.0.103.22 > 192.168.0.132.63384: Flags [P.], seq 765:897, ack 476, win 5748, length 132
18:56:10.532232 IP 192.168.0.132.63384 > 192.168.0.103.22: Flags [P.], seq 476:576, ack 897, win 4105, length 100
18:56:10.535049 IP 192.168.0.103.22 > 192.168.0.132.63384: Flags [P.], seq 897:1021, ack 576, win 5748, length 124
18:56:10.536904 IP 192.168.0.132.63384 > 192.168.0.103.22: Flags [P.], seq 576:676, ack 1021, win 4105, length 100
18:56:10.539577 IP 192.168.0.103.22 > 192.168.0.132.63384: Flags [P.], seq 1021:1161, ack 676, win 5748, length 140
18:56:10.579855 IP 192.168.0.132.63384 > 192.168.0.103.22: Flags [.], ack 1161, win 4104, length 0
18:56:10.761725 IP 192.168.0.103.22 > 192.168.0.132.63384: Flags [P.], seq 1161:1285, ack 676, win 5748, length 124
18:56:10.802448 IP 192.168.0.132.63384 > 192.168.0.103.22: Flags [.], ack 1285, win 4104, length 0
18:56:10.973331 IP 192.168.0.103.22 > 192.168.0.132.63384: Flags [P.], seq 1285:1377, ack 676, win 5748, length 92
18:56:10.975916 IP 192.168.0.132.63384 > 192.168.0.103.22: Flags [P.], seq 676:768, ack 1377, win 4103, length 92
18:56:10.977756 IP 192.168.0.103.22 > 192.168.0.132.63384: Flags [P.], seq 1377:1477, ack 768, win 5748, length 100
18:56:11.017601 IP 192.168.0.132.63384 > 192.168.0.103.22: Flags [.], ack 1477, win 4103, length 0
18:56:11.875727 IP 192.168.0.103.5353 > 224.0.0.251.5353: 0 [2q] PTR (QM)? _ipp._tcp.local. PTR (QM)? _ipps._tcp.local. (45)
18:56:11.888858 IP6 fe80::a00:27ff:fe7d:61fd.5353 > ff02::fb.5353: 0 [2q] PTR (QM)? _ipps._tcp.local. PTR (QM)? _ipp._tcp.local. (45)
18:56:11.974413 IP 192.168.0.103.22 > 192.168.0.132.63384: Flags [P.], seq 1477:1569, ack 768, win 5748, length 92
18:56:11.977129 IP 192.168.0.132.63384 > 192.168.0.103.22: Flags [P.], seq 768:860, ack 1569, win 4103, length 92
18:56:11.979396 IP 192.168.0.103.22 > 192.168.0.132.63384: Flags [P.], seq 1569:1669, ack 860, win 5748, length 100
18:56:12.019757 IP 192.168.0.132.63384 > 192.168.0.103.22: Flags [.], ack 1669, win 4102, length 0
18:56:12.465411 IP 192.168.0.132.63384 > 192.168.0.103.22: Flags [P.], seq 860:944, ack 1669, win 4102, length 84
18:56:12.471506 IP 192.168.0.132.63384 > 192.168.0.103.22: Flags [P.], seq 944:1028, ack 1669, win 4102, length 84
18:56:12.471574 IP 192.168.0.103.22 > 192.168.0.132.63384: Flags [.], ack 1028, win 5748, length 0
18:56:12.578676 IP 192.168.0.103.22 > 192.168.0.132.63384: Flags [P.], seq 1669:1761, ack 1028, win 5748, length 92
18:56:12.581199 IP 192.168.0.132.63384 > 192.168.0.103.22: Flags [P.], seq 1028:1120, ack 1761, win 4102, length 92
18:56:12.584091 IP 192.168.0.103.22 > 192.168.0.132.63384: Flags [P.], seq 1761:1861, ack 1120, win 5748, length 100
18:56:12.623370 IP 192.168.0.132.63384 > 192.168.0.103.22: Flags [.], ack 1861, win 4101, length 0
18:56:12.632731 IP 192.168.0.103.22 > 192.168.0.132.63384: Flags [P.], seq 1861:1953, ack 1120, win 5748, length 92
18:56:12.672938 IP 192.168.0.132.63384 > 192.168.0.103.22: Flags [.], ack 1953, win 4101, length 0
18:56:12.978190 IP 192.168.0.103.22 > 192.168.0.132.63384: Flags [P.], seq 1953:2045, ack 1120, win 5748, length 92
18:56:13.018834 IP 192.168.0.132.63384 > 192.168.0.103.22: Flags [.], ack 2045, win 4101, length 0
18:56:13.027250 IP 192.168.0.103.22 > 192.168.0.132.63384: Flags [P.], seq 2045:2137, ack 1120, win 5748, length 92
18:56:13.029484 IP 192.168.0.132.63384 > 192.168.0.103.22: Flags [P.], seq 1120:1212, ack 2137, win 4100, length 92
18:56:13.031787 IP 192.168.0.103.22 > 192.168.0.132.63384: Flags [P.], seq 2137:2237, ack 1212, win 5748, length 100
18:56:13.071542 IP 192.168.0.132.63384 > 192.168.0.103.22: Flags [.], ack 2237, win 4106, length 0
18:56:13.099860 IP 142.250.186.195.443 > 192.168.0.132.63429: Flags [P.], seq 4233202534:4233202607, ack 1132609680, win 1013, length 73
50 packets captured
54 packets received by filter
0 packets dropped by kernel
